2016-04-11T10:40:01.206Z - info: [me.upir\app.js] development
2016-04-11T10:43:13.885Z - info: [me.upir\app.js] development
2016-04-11T10:43:21.185Z - info: [me.upir\app.js] development
2016-04-11T10:43:37.536Z - info: [me.upir\app.js] development
2016-04-11T10:43:44.453Z - info: [me.upir\app.js] development
2016-04-11T10:46:22.630Z - info: [me.upir\app.js] production
2016-04-11T10:47:01.165Z - info: [me.upir\app.js] production
2016-04-11T10:50:05.563Z - info: [me.upir\app.js] development
2016-04-11T10:52:22.376Z - info: [me.upir\app.js] development
2016-04-11T10:52:22.380Z - info: [me.upir\app.js] 
2016-04-11T10:53:11.530Z - info: [me.upir\app.js] development
2016-04-11T10:53:11.534Z - info: [me.upir\app.js] 
{"level":"info","message":"development","label":"me.upir\\app.js","timestamp":"2016-04-11T10:53:27.824Z"}
{"level":"info","message":"","label":"me.upir\\app.js","timestamp":"2016-04-11T10:53:27.829Z"}
2016-04-11T10:53:54.556Z - info: [me.upir\app.js] development
2016-04-11T10:53:54.562Z - info: [me.upir\app.js] 
2016-04-11T10:53:54.670Z - error: [me.upir\app.js] uncaughtException: Cannot set property '_startAt' of null 
{ date: 'Mon Apr 11 2016 12:53:54 GMT+0200 (Central European Daylight Time)',
  process: 
   { pid: 11464,
     uid: null,
     gid: null,
     cwd: 'd:\\Projects\\JavaScript\\me.upir',
     execPath: 'C:\\Program Files\\nodejs\\node.exe',
     version: 'v4.4.1',
     argv: 
      [ 'C:\\Program Files\\nodejs\\node.exe',
        'd:\\Projects\\JavaScript\\me.upir\\bin\\www' ],
     memoryUsage: { rss: 34865152, heapTotal: 21844304, heapUsed: 14555408 } },
  os: { loadavg: [ 0, 0, 0 ], uptime: 448206.1397816 },
  trace: 
   [ { column: 18,
       file: 'd:\\Projects\\JavaScript\\me.upir\\node_modules\\morgan\\index.js',
       function: 'logger',
       line: 105,
       method: null,
       native: false },
     { column: 7,
       file: 'd:\\Projects\\JavaScript\\me.upir\\node_modules\\winston\\lib\\winston\\logger.js',
       function: 'finish',
       line: 183,
       method: null,
       native: false },
     { column: 19,
       file: 'd:\\Projects\\JavaScript\\me.upir\\node_modules\\async\\lib\\async.js',
       function: 'done',
       line: 167,
       method: null,
       native: false },
     { column: 16,
       file: 'd:\\Projects\\JavaScript\\me.upir\\node_modules\\async\\lib\\async.js',
       function: null,
       line: 40,
       method: null,
       native: false },
     { column: 7,
       file: 'd:\\Projects\\JavaScript\\me.upir\\node_modules\\winston\\lib\\winston\\logger.js',
       function: null,
       line: 236,
       method: null,
       native: false },
     { column: 7,
       file: 'd:\\Projects\\JavaScript\\me.upir\\node_modules\\winston-daily-rotate-file\\index.js',
       function: '',
       line: 223,
       method: null,
       native: false },
     { column: 16,
       file: 'events.js',
       function: 'WriteStream.g',
       line: 260,
       method: 'g',
       native: false },
     { column: 20,
       file: 'events.js',
       function: 'emitNone',
       line: 72,
       method: null,
       native: false },
     { column: 7,
       file: 'events.js',
       function: 'WriteStream.emit',
       line: 166,
       method: 'emit',
       native: false },
     { column: 12,
       file: '_stream_writable.js',
       function: 'onwriteDrain',
       line: 365,
       method: null,
       native: false } ],
  stack: 
   [ 'TypeError: Cannot set property \'_startAt\' of null',
     '    at logger (d:\\Projects\\JavaScript\\me.upir\\node_modules\\morgan\\index.js:105:18)',
     '    at finish (d:\\Projects\\JavaScript\\me.upir\\node_modules\\winston\\lib\\winston\\logger.js:183:7)',
     '    at done (d:\\Projects\\JavaScript\\me.upir\\node_modules\\async\\lib\\async.js:167:19)',
     '    at d:\\Projects\\JavaScript\\me.upir\\node_modules\\async\\lib\\async.js:40:16',
     '    at d:\\Projects\\JavaScript\\me.upir\\node_modules\\winston\\lib\\winston\\logger.js:236:7',
     '    at WriteStream.<anonymous> (d:\\Projects\\JavaScript\\me.upir\\node_modules\\winston-daily-rotate-file\\index.js:223:7)',
     '    at WriteStream.g (events.js:260:16)',
     '    at emitNone (events.js:72:20)',
     '    at WriteStream.emit (events.js:166:7)',
     '    at onwriteDrain (_stream_writable.js:365:12)' ] }
2016-04-11T10:54:13.483Z - info: [me.upir\app.js] development
2016-04-11T10:54:13.489Z - info: [me.upir\app.js] 
2016-04-11T10:54:13.595Z - error: [me.upir\app.js] uncaughtException: Cannot set property '_startAt' of null 
{ date: 'Mon Apr 11 2016 12:54:13 GMT+0200 (Central European Daylight Time)',
  process: 
   { pid: 6216,
     uid: null,
     gid: null,
     cwd: 'd:\\Projects\\JavaScript\\me.upir',
     execPath: 'C:\\Program Files\\nodejs\\node.exe',
     version: 'v4.4.1',
     argv: 
      [ 'C:\\Program Files\\nodejs\\node.exe',
        'd:\\Projects\\JavaScript\\me.upir\\bin\\www' ],
     memoryUsage: { rss: 34926592, heapTotal: 21844304, heapUsed: 14551512 } },
  os: { loadavg: [ 0, 0, 0 ], uptime: 448225.0646294 },
  trace: 
   [ { column: 18,
       file: 'd:\\Projects\\JavaScript\\me.upir\\node_modules\\morgan\\index.js',
       function: 'logger',
       line: 105,
       method: null,
       native: false },
     { column: 7,
       file: 'd:\\Projects\\JavaScript\\me.upir\\node_modules\\winston\\lib\\winston\\logger.js',
       function: 'finish',
       line: 183,
       method: null,
       native: false },
     { column: 19,
       file: 'd:\\Projects\\JavaScript\\me.upir\\node_modules\\async\\lib\\async.js',
       function: 'done',
       line: 167,
       method: null,
       native: false },
     { column: 16,
       file: 'd:\\Projects\\JavaScript\\me.upir\\node_modules\\async\\lib\\async.js',
       function: null,
       line: 40,
       method: null,
       native: false },
     { column: 7,
       file: 'd:\\Projects\\JavaScript\\me.upir\\node_modules\\winston\\lib\\winston\\logger.js',
       function: null,
       line: 236,
       method: null,
       native: false },
     { column: 7,
       file: 'd:\\Projects\\JavaScript\\me.upir\\node_modules\\winston-daily-rotate-file\\index.js',
       function: '',
       line: 223,
       method: null,
       native: false },
     { column: 16,
       file: 'events.js',
       function: 'WriteStream.g',
       line: 260,
       method: 'g',
       native: false },
     { column: 20,
       file: 'events.js',
       function: 'emitNone',
       line: 72,
       method: null,
       native: false },
     { column: 7,
       file: 'events.js',
       function: 'WriteStream.emit',
       line: 166,
       method: 'emit',
       native: false },
     { column: 12,
       file: '_stream_writable.js',
       function: 'onwriteDrain',
       line: 365,
       method: null,
       native: false } ],
  stack: 
   [ 'TypeError: Cannot set property \'_startAt\' of null',
     '    at logger (d:\\Projects\\JavaScript\\me.upir\\node_modules\\morgan\\index.js:105:18)',
     '    at finish (d:\\Projects\\JavaScript\\me.upir\\node_modules\\winston\\lib\\winston\\logger.js:183:7)',
     '    at done (d:\\Projects\\JavaScript\\me.upir\\node_modules\\async\\lib\\async.js:167:19)',
     '    at d:\\Projects\\JavaScript\\me.upir\\node_modules\\async\\lib\\async.js:40:16',
     '    at d:\\Projects\\JavaScript\\me.upir\\node_modules\\winston\\lib\\winston\\logger.js:236:7',
     '    at WriteStream.<anonymous> (d:\\Projects\\JavaScript\\me.upir\\node_modules\\winston-daily-rotate-file\\index.js:223:7)',
     '    at WriteStream.g (events.js:260:16)',
     '    at emitNone (events.js:72:20)',
     '    at WriteStream.emit (events.js:166:7)',
     '    at onwriteDrain (_stream_writable.js:365:12)' ] }
2016-04-11T10:54:56.240Z - info: [me.upir\app.js] development
2016-04-11T10:55:04.211Z - info: [me.upir\app.js] development
2016-04-11T10:55:16.460Z - info: [me.upir\app.js] development
2016-04-11T10:57:01.601Z - info: [me.upir\app.js] development
2016-04-11T12:36:28.881Z - info: [me.upir\app.js] development
